<?xml version="1.0" encoding="UTF-8"?>
<!-- Generated by org.testng.reporters.JUnitXMLReporter -->
<testsuite ignored="0" hostname="DESKTOP-QQJINFP" failures="0" tests="21" name="Command line test" time="1.673" errors="0" timestamp="2024-12-09T09:18:30 ART">
  <testcase classname="pruebas.PracticaM4bTest" name="@BeforeTest setUp" time="-1.733746709129E9">
    <failure type="org.testng.TestNGException" message="
Parameter &amp;apos;navegador&amp;apos; is required by BeforeTest on method setUp but has not been marked @Optional or defined
">
      <![CDATA[org.testng.TestNGException: 
Parameter 'navegador' is required by BeforeTest on method setUp but has not been marked @Optional or defined

... Removed 29 stack frames]]>
    </failure>
  </testcase> <!-- @BeforeTest setUp -->
  <testcase classname="edit.EducacionIT_74158.AccesoABaseDeDatosTest" name="testBaseDeDatos" time="0.0">
    <skipped/>
  </testcase> <!-- testBaseDeDatos -->
  <testcase classname="edit.EducacionIT_74158.AppTest" name="testApp" time="0.0">
    <skipped/>
  </testcase> <!-- testApp -->
  <testcase classname="edit.EducacionIT_74158.MobileEmulationTest" name="testMobileEmulation" time="0.0">
    <skipped/>
  </testcase> <!-- testMobileEmulation -->
  <testcase classname="edit.EducacionIT_74158.PracticaM1Test" name="buscarProductoEnEdge" time="0.0">
    <skipped/>
  </testcase> <!-- buscarProductoEnEdge -->
  <testcase classname="edit.EducacionIT_74158.PracticaM1Test" name="buscarProductoEnFirefox" time="0.0">
    <skipped/>
  </testcase> <!-- buscarProductoEnFirefox -->
  <testcase classname="edit.EducacionIT_74158.PracticaM2Test" name="registrarUsuario" time="0.001">
    <skipped/>
  </testcase> <!-- registrarUsuario -->
  <testcase classname="edit.EducacionIT_74158.PracticaM3Test" name="buscarProducto" time="0.0">
    <skipped/>
  </testcase> <!-- buscarProducto -->
  <testcase classname="edit.EducacionIT_74158.PracticaM3Test" name="irAAContactanos" time="0.0">
    <skipped/>
  </testcase> <!-- irAAContactanos -->
  <testcase classname="edit.EducacionIT_74158.ScrollScreenshotTest" name="scrollScreenshotTest" time="0.001">
    <skipped/>
  </testcase> <!-- scrollScreenshotTest -->
  <testcase classname="pruebas.PracticaM4bTest" name="buscarPalabra" time="0.0">
    <skipped/>
  </testcase> <!-- buscarPalabra -->
  <testcase classname="pruebas.PracticaM4Test" name="buscarPalabra" time="0.0">
    <skipped/>
  </testcase> <!-- buscarPalabra -->
  <testcase classname="pruebas.PracticaM4Test" name="login" time="0.0">
    <skipped/>
  </testcase> <!-- login -->
  <testcase classname="pruebas.PracticaM5bTest" name="alertaDemora" time="0.0">
    <skipped/>
  </testcase> <!-- alertaDemora -->
  <testcase classname="pruebas.PracticaM5bTest" name="alertaNotificacion" time="0.0">
    <skipped/>
  </testcase> <!-- alertaNotificacion -->
  <testcase classname="pruebas.PracticaM5Test" name="login" time="0.0">
    <skipped/>
  </testcase> <!-- login -->
  <testcase classname="pruebas.PracticaM5Test" name="login" time="0.0">
    <skipped/>
  </testcase> <!-- login -->
  <testcase classname="pruebas.PracticaM5Test" name="login" time="0.0">
    <skipped/>
  </testcase> <!-- login -->
  <testcase classname="pruebas.PracticaM5Test" name="login" time="0.001">
    <skipped/>
  </testcase> <!-- login -->
  <testcase classname="pruebas.PracticaM5Test" name="login" time="0.0">
    <skipped/>
  </testcase> <!-- login -->
  <testcase classname="pruebas.PracticaM5Test" name="login" time="0.0">
    <skipped/>
  </testcase> <!-- login -->
  <testcase classname="pruebas.PracticaM5Test" name="login" time="0.0">
    <skipped/>
  </testcase> <!-- login -->
</testsuite> <!-- Command line test -->
