<!DOCTYPE html PUBLIC "-//W3C//DTD XHTML 1.1//EN" "https://www.w3.org/TR/xhtml11/DTD/xhtml11.dtd">
<html xmlns="https://www.w3.org/1999/xhtml">
<head>
<meta http-equiv="content-type" content="text/html; charset=UTF-8"/>
<title>TestNG Report</title>
<style type="text/css">table {margin-bottom:10px;border-collapse:collapse;empty-cells:show}th,td {border:1px solid #009;padding:.25em .5em}th {vertical-align:bottom}td {vertical-align:top}table a {font-weight:bold}.stripe td {background-color: #E6EBF9}.num {text-align:right}.passedodd td {background-color: #3F3}.passedeven td {background-color: #0A0}.skippedodd td {background-color: #DDD}.skippedeven td {background-color: #CCC}.failedodd td,.attn {background-color: #F33}.failedeven td,.stripe .attn {background-color: #D00}.stacktrace {white-space:pre;font-family:monospace}.totop {font-size:85%;text-align:center;border-bottom:2px solid #000}.invisible {display:none}</style>
</head>
<body>
<table>
<tr><th>Test</th><th># Passed</th><th># Skipped</th><th># Retried</th><th># Failed</th><th>Time (ms)</th><th>Included Groups</th><th>Excluded Groups</th></tr>
<tr><th colspan="8">Command line suite</th></tr>
<tr><td><a href="#t0">Command line test</a></td><td class="num">0</td><td class="num attn">21</td><td class="num">0</td><td class="num">0</td><td class="num">1.673</td><td></td><td></td></tr>
</table>
<table id='summary'><thead><tr><th>Class</th><th>Method</th><th>Start</th><th>Time (ms)</th></tr></thead><tbody><tr><th colspan="4">Command line suite</th></tr></tbody><tbody id="t0"><tr><th colspan="4">Command line test &#8212; failed (configuration methods)</th></tr><tr class="failedeven"><td rowspan="1">pruebas.PracticaM4bTest</td><td><a href="#m0">setUp</a></td><td rowspan="1">1733746709129</td><td rowspan="1">-1733746709129</td></tr><tr><th colspan="4">Command line test &#8212; skipped (configuration methods)</th></tr><tr class="skippedeven"><td rowspan="1">edit.EducacionIT_74158.PracticaM3Test</td><td><a href="#m1">cerrarNavegador</a></td><td rowspan="1">1733746710860</td><td rowspan="1">0</td></tr><tr class="skippedodd"><td rowspan="1">pruebas.PracticaM4Test</td><td><a href="#m2">tearDown</a></td><td rowspan="1">1733746710861</td><td rowspan="1">0</td></tr><tr class="skippedeven"><td rowspan="1">pruebas.PracticaM5Test</td><td><a href="#m3">tearDown</a></td><td rowspan="1">1733746710862</td><td rowspan="1">0</td></tr><tr class="skippedodd"><td rowspan="1">pruebas.PracticaM5bTest</td><td><a href="#m4">tearDown</a></td><td rowspan="1">1733746710862</td><td rowspan="1">0</td></tr><tr><th colspan="4">Command line test &#8212; skipped</th></tr><tr class="skippedeven"><td rowspan="1">edit.EducacionIT_74158.AccesoABaseDeDatosTest</td><td><a href="#m5">testBaseDeDatos</a></td><td rowspan="1">1733746709221</td><td rowspan="1">0</td></tr><tr class="skippedodd"><td rowspan="1">edit.EducacionIT_74158.AppTest</td><td><a href="#m6">testApp</a></td><td rowspan="1">1733746709229</td><td rowspan="1">0</td></tr><tr class="skippedeven"><td rowspan="1">edit.EducacionIT_74158.MobileEmulationTest</td><td><a href="#m7">testMobileEmulation</a></td><td rowspan="1">1733746709231</td><td rowspan="1">0</td></tr><tr class="skippedodd"><td rowspan="2">edit.EducacionIT_74158.PracticaM1Test</td><td><a href="#m8">buscarProductoEnEdge</a></td><td rowspan="1">1733746709232</td><td rowspan="1">0</td></tr><tr class="skippedodd"><td><a href="#m9">buscarProductoEnFirefox</a></td><td rowspan="1">1733746709233</td><td rowspan="1">0</td></tr><tr class="skippedeven"><td rowspan="1">edit.EducacionIT_74158.PracticaM2Test</td><td><a href="#m10">registrarUsuario</a></td><td rowspan="1">1733746709234</td><td rowspan="1">1</td></tr><tr class="skippedodd"><td rowspan="2">edit.EducacionIT_74158.PracticaM3Test</td><td><a href="#m11">buscarProducto</a></td><td rowspan="1">1733746709236</td><td rowspan="1">0</td></tr><tr class="skippedodd"><td><a href="#m12">irAAContactanos</a></td><td rowspan="1">1733746709237</td><td rowspan="1">0</td></tr><tr class="skippedeven"><td rowspan="1">edit.EducacionIT_74158.ScrollScreenshotTest</td><td><a href="#m13">scrollScreenshotTest</a></td><td rowspan="1">1733746709240</td><td rowspan="1">1</td></tr><tr class="skippedodd"><td rowspan="2">pruebas.PracticaM4Test</td><td><a href="#m14">buscarPalabra</a></td><td rowspan="1">1733746709246</td><td rowspan="1">0</td></tr><tr class="skippedodd"><td><a href="#m15">login</a></td><td rowspan="1">1733746709248</td><td rowspan="1">0</td></tr><tr class="skippedeven"><td rowspan="1">pruebas.PracticaM4bTest</td><td><a href="#m16">buscarPalabra</a></td><td rowspan="1">1733746709244</td><td rowspan="1">0</td></tr><tr class="skippedodd"><td rowspan="7">pruebas.PracticaM5Test</td><td><a href="#m17">login</a></td><td rowspan="7">1733746710785</td><td rowspan="7">0</td></tr><tr class="skippedodd"><td><a href="#m18">login</a></td></tr><tr class="skippedodd"><td><a href="#m19">login</a></td></tr><tr class="skippedodd"><td><a href="#m20">login</a></td></tr><tr class="skippedodd"><td><a href="#m21">login</a></td></tr><tr class="skippedodd"><td><a href="#m22">login</a></td></tr><tr class="skippedodd"><td><a href="#m23">login</a></td></tr><tr class="skippedeven"><td rowspan="2">pruebas.PracticaM5bTest</td><td><a href="#m24">alertaDemora</a></td><td rowspan="1">1733746709249</td><td rowspan="1">0</td></tr><tr class="skippedeven"><td><a href="#m25">alertaNotificacion</a></td><td rowspan="1">1733746709250</td><td rowspan="1">0</td></tr></tbody>
</table>
<h2>Command line test</h2><h3 id="m0">pruebas.PracticaM4bTest#setUp</h3><table class="result"><tr><th>Exception</th></tr><tr><td><div class="stacktrace">org.testng.TestNGException: 
Parameter &apos;navegador&apos; is required by BeforeTest on method setUp but has not been marked @Optional or defined

... Removed 29 stack frames</div></td></tr></table><p class="totop"><a href="#summary">back to summary</a></p>
<h3 id="m1">edit.EducacionIT_74158.PracticaM3Test#cerrarNavegador</h3><table class="result"><tr><th class="invisible"/></tr></table><p class="totop"><a href="#summary">back to summary</a></p>
<h3 id="m2">pruebas.PracticaM4Test#tearDown</h3><table class="result"><tr><th class="invisible"/></tr></table><p class="totop"><a href="#summary">back to summary</a></p>
<h3 id="m3">pruebas.PracticaM5Test#tearDown</h3><table class="result"><tr><th class="invisible"/></tr></table><p class="totop"><a href="#summary">back to summary</a></p>
<h3 id="m4">pruebas.PracticaM5bTest#tearDown</h3><table class="result"><tr><th class="invisible"/></tr></table><p class="totop"><a href="#summary">back to summary</a></p>
<h3 id="m5">edit.EducacionIT_74158.AccesoABaseDeDatosTest#testBaseDeDatos</h3><table class="result"><tr><th>Exception</th></tr><tr><td><div class="stacktrace">org.testng.TestNGException: 
Parameter &apos;navegador&apos; is required by BeforeTest on method setUp but has not been marked @Optional or defined

... Removed 29 stack frames</div></td></tr></table><p class="totop"><a href="#summary">back to summary</a></p>
<h3 id="m6">edit.EducacionIT_74158.AppTest#testApp</h3><table class="result"><tr><th>Exception</th></tr><tr><td><div class="stacktrace">org.testng.TestNGException: 
Parameter &apos;navegador&apos; is required by BeforeTest on method setUp but has not been marked @Optional or defined

... Removed 29 stack frames</div></td></tr></table><p class="totop"><a href="#summary">back to summary</a></p>
<h3 id="m7">edit.EducacionIT_74158.MobileEmulationTest#testMobileEmulation</h3><table class="result"><tr><th>Exception</th></tr><tr><td><div class="stacktrace">org.testng.TestNGException: 
Parameter &apos;navegador&apos; is required by BeforeTest on method setUp but has not been marked @Optional or defined

... Removed 29 stack frames</div></td></tr></table><p class="totop"><a href="#summary">back to summary</a></p>
<h3 id="m8">edit.EducacionIT_74158.PracticaM1Test#buscarProductoEnEdge</h3><table class="result"><tr><th>Exception</th></tr><tr><td><div class="stacktrace">org.testng.TestNGException: 
Parameter &apos;navegador&apos; is required by BeforeTest on method setUp but has not been marked @Optional or defined

... Removed 29 stack frames</div></td></tr></table><p class="totop"><a href="#summary">back to summary</a></p>
<h3 id="m9">edit.EducacionIT_74158.PracticaM1Test#buscarProductoEnFirefox</h3><table class="result"><tr><th>Exception</th></tr><tr><td><div class="stacktrace">org.testng.TestNGException: 
Parameter &apos;navegador&apos; is required by BeforeTest on method setUp but has not been marked @Optional or defined

... Removed 29 stack frames</div></td></tr></table><p class="totop"><a href="#summary">back to summary</a></p>
<h3 id="m10">edit.EducacionIT_74158.PracticaM2Test#registrarUsuario</h3><table class="result"><tr><th>Exception</th></tr><tr><td><div class="stacktrace">org.testng.TestNGException: 
Parameter &apos;navegador&apos; is required by BeforeTest on method setUp but has not been marked @Optional or defined

... Removed 29 stack frames</div></td></tr></table><p class="totop"><a href="#summary">back to summary</a></p>
<h3 id="m11">edit.EducacionIT_74158.PracticaM3Test#buscarProducto</h3><table class="result"><tr><th>Exception</th></tr><tr><td><div class="stacktrace">org.testng.TestNGException: 
Parameter &apos;navegador&apos; is required by BeforeTest on method setUp but has not been marked @Optional or defined

... Removed 29 stack frames</div></td></tr></table><p class="totop"><a href="#summary">back to summary</a></p>
<h3 id="m12">edit.EducacionIT_74158.PracticaM3Test#irAAContactanos</h3><table class="result"><tr><th>Exception</th></tr><tr><td><div class="stacktrace">org.testng.TestNGException: 
Parameter &apos;navegador&apos; is required by BeforeTest on method setUp but has not been marked @Optional or defined

... Removed 29 stack frames</div></td></tr></table><p class="totop"><a href="#summary">back to summary</a></p>
<h3 id="m13">edit.EducacionIT_74158.ScrollScreenshotTest#scrollScreenshotTest</h3><table class="result"><tr><th>Exception</th></tr><tr><td><div class="stacktrace">org.testng.TestNGException: 
Parameter &apos;navegador&apos; is required by BeforeTest on method setUp but has not been marked @Optional or defined

... Removed 29 stack frames</div></td></tr></table><p class="totop"><a href="#summary">back to summary</a></p>
<h3 id="m14">pruebas.PracticaM4Test#buscarPalabra</h3><table class="result"><tr><th>Exception</th></tr><tr><td><div class="stacktrace">org.testng.TestNGException: 
Parameter &apos;navegador&apos; is required by BeforeTest on method setUp but has not been marked @Optional or defined

... Removed 29 stack frames</div></td></tr></table><p class="totop"><a href="#summary">back to summary</a></p>
<h3 id="m15">pruebas.PracticaM4Test#login</h3><table class="result"><tr><th>Exception</th></tr><tr><td><div class="stacktrace">org.testng.TestNGException: 
Parameter &apos;navegador&apos; is required by BeforeTest on method setUp but has not been marked @Optional or defined

... Removed 29 stack frames</div></td></tr></table><p class="totop"><a href="#summary">back to summary</a></p>
<h3 id="m16">pruebas.PracticaM4bTest#buscarPalabra</h3><table class="result"><tr><th>Exception</th></tr><tr><td><div class="stacktrace">org.testng.TestNGException: 
Parameter &apos;navegador&apos; is required by BeforeTest on method setUp but has not been marked @Optional or defined

... Removed 29 stack frames</div></td></tr></table><p class="totop"><a href="#summary">back to summary</a></p>
<h3 id="m17">pruebas.PracticaM5Test#login</h3><table class="result"><tr class="param"><th>Parameter #1</th><th>Parameter #2</th></tr><tr class="param stripe"><td>correo02@gmail.com</td><td>23e232ew</td></tr><tr><th colspan="2">Exception</th></tr><tr><td colspan="2"><div class="stacktrace">org.testng.TestNGException: 
Parameter &apos;navegador&apos; is required by BeforeTest on method setUp but has not been marked @Optional or defined

... Removed 29 stack frames</div></td></tr></table><p class="totop"><a href="#summary">back to summary</a></p>
<h3 id="m18">pruebas.PracticaM5Test#login</h3><table class="result"><tr class="param"><th>Parameter #1</th><th>Parameter #2</th></tr><tr class="param stripe"><td>correo04@gmail.com</td><td>3r43r3wr3w</td></tr><tr><th colspan="2">Exception</th></tr><tr><td colspan="2"><div class="stacktrace">org.testng.TestNGException: 
Parameter &apos;navegador&apos; is required by BeforeTest on method setUp but has not been marked @Optional or defined

... Removed 29 stack frames</div></td></tr></table><p class="totop"><a href="#summary">back to summary</a></p>
<h3 id="m19">pruebas.PracticaM5Test#login</h3><table class="result"><tr class="param"><th>Parameter #1</th><th>Parameter #2</th></tr><tr class="param stripe"><td>correo05@gmail.com</td><td>qe3wewaeaw</td></tr><tr><th colspan="2">Exception</th></tr><tr><td colspan="2"><div class="stacktrace">org.testng.TestNGException: 
Parameter &apos;navegador&apos; is required by BeforeTest on method setUp but has not been marked @Optional or defined

... Removed 29 stack frames</div></td></tr></table><p class="totop"><a href="#summary">back to summary</a></p>
<h3 id="m20">pruebas.PracticaM5Test#login</h3><table class="result"><tr class="param"><th>Parameter #1</th><th>Parameter #2</th></tr><tr class="param stripe"><td>correo01@gmail.com</td><td>wr43w34</td></tr><tr><th colspan="2">Exception</th></tr><tr><td colspan="2"><div class="stacktrace">org.testng.TestNGException: 
Parameter &apos;navegador&apos; is required by BeforeTest on method setUp but has not been marked @Optional or defined

... Removed 29 stack frames</div></td></tr></table><p class="totop"><a href="#summary">back to summary</a></p>
<h3 id="m21">pruebas.PracticaM5Test#login</h3><table class="result"><tr class="param"><th>Parameter #1</th><th>Parameter #2</th></tr><tr class="param stripe"><td>correo07@gmail.com</td><td>34rw34rw</td></tr><tr><th colspan="2">Exception</th></tr><tr><td colspan="2"><div class="stacktrace">org.testng.TestNGException: 
Parameter &apos;navegador&apos; is required by BeforeTest on method setUp but has not been marked @Optional or defined

... Removed 29 stack frames</div></td></tr></table><p class="totop"><a href="#summary">back to summary</a></p>
<h3 id="m22">pruebas.PracticaM5Test#login</h3><table class="result"><tr class="param"><th>Parameter #1</th><th>Parameter #2</th></tr><tr class="param stripe"><td>correo03@gmail.com</td><td>7i78i77iy7</td></tr><tr><th colspan="2">Exception</th></tr><tr><td colspan="2"><div class="stacktrace">org.testng.TestNGException: 
Parameter &apos;navegador&apos; is required by BeforeTest on method setUp but has not been marked @Optional or defined

... Removed 29 stack frames</div></td></tr></table><p class="totop"><a href="#summary">back to summary</a></p>
<h3 id="m23">pruebas.PracticaM5Test#login</h3><table class="result"><tr class="param"><th>Parameter #1</th><th>Parameter #2</th></tr><tr class="param stripe"><td>correo06@gmail.com</td><td>87o89y</td></tr><tr><th colspan="2">Exception</th></tr><tr><td colspan="2"><div class="stacktrace">org.testng.TestNGException: 
Parameter &apos;navegador&apos; is required by BeforeTest on method setUp but has not been marked @Optional or defined

... Removed 29 stack frames</div></td></tr></table><p class="totop"><a href="#summary">back to summary</a></p>
<h3 id="m24">pruebas.PracticaM5bTest#alertaDemora</h3><table class="result"><tr><th>Exception</th></tr><tr><td><div class="stacktrace">org.testng.TestNGException: 
Parameter &apos;navegador&apos; is required by BeforeTest on method setUp but has not been marked @Optional or defined

... Removed 29 stack frames</div></td></tr></table><p class="totop"><a href="#summary">back to summary</a></p>
<h3 id="m25">pruebas.PracticaM5bTest#alertaNotificacion</h3><table class="result"><tr><th>Exception</th></tr><tr><td><div class="stacktrace">org.testng.TestNGException: 
Parameter &apos;navegador&apos; is required by BeforeTest on method setUp but has not been marked @Optional or defined

... Removed 29 stack frames</div></td></tr></table><p class="totop"><a href="#summary">back to summary</a></p>
</body>
</html>
